# JRE version: Java(TM) SE Runtime Environment (8.0_91-b14) (build 1.8.0_91-b14)
# Java VM: Java HotSpot(TM) 64-Bit Server VM (25.91-b14 mixed mode windows-amd64 compressed oops)
Heap:
 PSYoungGen      total 223232K, used 7911K [0x00000000eab00000, 0x00000000f9c80000, 0x0000000100000000)
  eden space 202240K, 3% used [0x00000000eab00000,0x00000000eb2b9da0,0x00000000f7080000)
  from space 20992K, 0% used [0x00000000f8800000,0x00000000f8800000,0x00000000f9c80000)
  to   space 22528K, 0% used [0x00000000f7080000,0x00000000f7080000,0x00000000f8680000)
 ParOldGen       total 95232K, used 34118K [0x00000000c0000000, 0x00000000c5d00000, 0x00000000eab00000)
  object space 95232K, 35% used [0x00000000c0000000,0x00000000c2151910,0x00000000c5d00000)
 Metaspace       used 59384K, capacity 62452K, committed 64512K, reserved 1105920K
  class space    used 7618K, capacity 8035K, committed 8448K, reserved 1048576K
GC Heap History (10 events):
Event: 17180.846 GC heap before
{Heap before GC invocations=45 (full 13):
 PSYoungGen      total 229888K, used 76457K [0x00000000eab00000, 0x00000000fa600000, 0x0000000100000000)
  eden space 209920K, 26% used [0x00000000eab00000,0x00000000ee22e8d0,0x00000000f7800000)
  from space 19968K, 99% used [0x00000000f8000000,0x00000000f937bee0,0x00000000f9380000)
  to   space 18944K, 0% used [0x00000000f9380000,0x00000000f9380000,0x00000000fa600000)
 ParOldGen       total 95232K, used 33977K [0x00000000c0000000, 0x00000000c5d00000, 0x00000000eab00000)
  object space 95232K, 35% used [0x00000000c0000000,0x00000000c212e5c8,0x00000000c5d00000)
 Metaspace       used 60008K, capacity 63872K, committed 64128K, reserved 1105920K
  class space    used 7764K, capacity 8309K, committed 8320K, reserved 1048576K
Event: 17180.858 GC heap after
Heap after GC invocations=45 (full 13):
 PSYoungGen      total 227840K, used 2029K [0x00000000eab00000, 0x00000000fa500000, 0x0000000100000000)
  eden space 209920K, 0% used [0x00000000eab00000,0x00000000eab00000,0x00000000f7800000)
  from space 17920K, 11% used [0x00000000f9380000,0x00000000f957b760,0x00000000fa500000)
  to   space 23040K, 0% used [0x00000000f7800000,0x00000000f7800000,0x00000000f8e80000)
 ParOldGen       total 95232K, used 33977K [0x00000000c0000000, 0x00000000c5d00000, 0x00000000eab00000)
  object space 95232K, 35% used [0x00000000c0000000,0x00000000c212e5c8,0x00000000c5d00000)
 Metaspace       used 60008K, capacity 63872K, committed 64128K, reserved 1105920K
  class space    used 7764K, capacity 8309K, committed 8320K, reserved 1048576K
}
Event: 17180.858 GC heap before
{Heap before GC invocations=46 (full 14):
 PSYoungGen      total 227840K, used 2029K [0x00000000eab00000, 0x00000000fa500000, 0x0000000100000000)
  eden space 209920K, 0% used [0x00000000eab00000,0x00000000eab00000,0x00000000f7800000)
  from space 17920K, 11% used [0x00000000f9380000,0x00000000f957b760,0x00000000fa500000)
  to   space 23040K, 0% used [0x00000000f7800000,0x00000000f7800000,0x00000000f8e80000)
 ParOldGen       total 95232K, used 33977K [0x00000000c0000000, 0x00000000c5d00000, 0x00000000eab00000)
  object space 95232K, 35% used [0x00000000c0000000,0x00000000c212e5c8,0x00000000c5d00000)
 Metaspace       used 60008K, capacity 63872K, committed 64128K, reserved 1105920K
  class space    used 7764K, capacity 8309K, committed 8320K, reserved 1048576K
Event: 17182.021 GC heap after
Heap after GC invocations=46 (full 14):
 PSYoungGen      total 227840K, used 0K [0x00000000eab00000, 0x00000000fa500000, 0x0000000100000000)
  eden space 209920K, 0% used [0x00000000eab00000,0x00000000eab00000,0x00000000f7800000)
  from space 17920K, 0% used [0x00000000f9380000,0x00000000f9380000,0x00000000fa500000)
  to   space 23040K, 0% used [0x00000000f7800000,0x00000000f7800000,0x00000000f8e80000)
 ParOldGen       total 95232K, used 25883K [0x00000000c0000000, 0x00000000c5d00000, 0x00000000eab00000)
  object space 95232K, 27% used [0x00000000c0000000,0x00000000c1946d40,0x00000000c5d00000)
 Metaspace       used 58893K, capacity 61600K, committed 64128K, reserved 1105920K
  class space    used 7526K, capacity 7895K, committed 8320K, reserved 1048576K
}
Event: 17384.600 GC heap before
{Heap before GC invocations=47 (full 14):
 PSYoungGen      total 227840K, used 209920K [0x00000000eab00000, 0x00000000fa500000, 0x0000000100000000)
  eden space 209920K, 100% used [0x00000000eab00000,0x00000000f7800000,0x00000000f7800000)
  from space 17920K, 0% used [0x00000000f9380000,0x00000000f9380000,0x00000000fa500000)
  to   space 23040K, 0% used [0x00000000f7800000,0x00000000f7800000,0x00000000f8e80000)
 ParOldGen       total 95232K, used 25883K [0x00000000c0000000, 0x00000000c5d00000, 0x00000000eab00000)
  object space 95232K, 27% used [0x00000000c0000000,0x00000000c1946d40,0x00000000c5d00000)
 Metaspace       used 59263K, capacity 62164K, committed 64128K, reserved 1105920K
  class space    used 7601K, capacity 8011K, committed 8320K, reserved 1048576K
Event: 17384.627 GC heap after
Heap after GC invocations=47 (full 14):
 PSYoungGen      total 216576K, used 14174K [0x00000000eab00000, 0x00000000f9f80000, 0x0000000100000000)
  eden space 202240K, 0% used [0x00000000eab00000,0x00000000eab00000,0x00000000f7080000)
  from space 14336K, 98% used [0x00000000f7800000,0x00000000f85d7978,0x00000000f8600000)
  to   space 24064K, 0% used [0x00000000f8800000,0x00000000f8800000,0x00000000f9f80000)
 ParOldGen       total 95232K, used 25883K [0x00000000c0000000, 0x00000000c5d00000, 0x00000000eab00000)
  object space 95232K, 27% used [0x00000000c0000000,0x00000000c1946d40,0x00000000c5d00000)
 Metaspace       used 59263K, capacity 62164K, committed 64128K, reserved 1105920K
  class space    used 7601K, capacity 8011K, committed 8320K, reserved 1048576K
}
Event: 17414.428 GC heap before
{Heap before GC invocations=48 (full 14):
 PSYoungGen      total 216576K, used 98795K [0x00000000eab00000, 0x00000000f9f80000, 0x0000000100000000)
  eden space 202240K, 41% used [0x00000000eab00000,0x00000000efda3460,0x00000000f7080000)
  from space 14336K, 98% used [0x00000000f7800000,0x00000000f85d7978,0x00000000f8600000)
  to   space 24064K, 0% used [0x00000000f8800000,0x00000000f8800000,0x00000000f9f80000)
 ParOldGen       total 95232K, used 25883K [0x00000000c0000000, 0x00000000c5d00000, 0x00000000eab00000)
  object space 95232K, 27% used [0x00000000c0000000,0x00000000c1946d40,0x00000000c5d00000)
 Metaspace       used 59340K, capacity 62296K, committed 64128K, reserved 1105920K
  class space    used 7611K, capacity 8028K, committed 8320K, reserved 1048576K
Event: 17414.472 GC heap after
Heap after GC invocations=48 (full 14):
 PSYoungGen      total 223232K, used 10173K [0x00000000eab00000, 0x00000000f9c80000, 0x0000000100000000)
  eden space 202240K, 0% used [0x00000000eab00000,0x00000000eab00000,0x00000000f7080000)
  from space 20992K, 48% used [0x00000000f8800000,0x00000000f91ef770,0x00000000f9c80000)
  to   space 22528K, 0% used [0x00000000f7080000,0x00000000f7080000,0x00000000f8680000)
 ParOldGen       total 95232K, used 25891K [0x00000000c0000000, 0x00000000c5d00000, 0x00000000eab00000)
  object space 95232K, 27% used [0x00000000c0000000,0x00000000c1948d40,0x00000000c5d00000)
 Metaspace       used 59340K, capacity 62296K, committed 64128K, reserved 1105920K
  class space    used 7611K, capacity 8028K, committed 8320K, reserved 1048576K
}
Event: 17414.472 GC heap before
{Heap before GC invocations=49 (full 15):
 PSYoungGen      total 223232K, used 10173K [0x00000000eab00000, 0x00000000f9c80000, 0x0000000100000000)
  eden space 202240K, 0% used [0x00000000eab00000,0x00000000eab00000,0x00000000f7080000)
  from space 20992K, 48% used [0x00000000f8800000,0x00000000f91ef770,0x00000000f9c80000)
  to   space 22528K, 0% used [0x00000000f7080000,0x00000000f7080000,0x00000000f8680000)
 ParOldGen       total 95232K, used 25891K [0x00000000c0000000, 0x00000000c5d00000, 0x00000000eab00000)
  object space 95232K, 27% used [0x00000000c0000000,0x00000000c1948d40,0x00000000c5d00000)
 Metaspace       used 59340K, capacity 62296K, committed 64128K, reserved 1105920K
  class space    used 7611K, capacity 8028K, committed 8320K, reserved 1048576K
Event: 17415.549 GC heap after
Heap after GC invocations=49 (full 15):
 PSYoungGen      total 223232K, used 0K [0x00000000eab00000, 0x00000000f9c80000, 0x0000000100000000)
  eden space 202240K, 0% used [0x00000000eab00000,0x00000000eab00000,0x00000000f7080000)
  from space 20992K, 0% used [0x00000000f8800000,0x00000000f8800000,0x00000000f9c80000)
  to   space 22528K, 0% used [0x00000000f7080000,0x00000000f7080000,0x00000000f8680000)
 ParOldGen       total 95232K, used 34118K [0x00000000c0000000, 0x00000000c5d00000, 0x00000000eab00000)
  object space 95232K, 35% used [0x00000000c0000000,0x00000000c2151910,0x00000000c5d00000)
 Metaspace       used 59340K, capacity 62296K, committed 64128K, reserved 1105920K
  class space    used 7611K, capacity 8028K, committed 8320K, reserved 1048576K
}

